Started POST "/registration" for ::1 at 2017-12-27 12:10:12 -0500
Processing by RailsJwtAuth::RegistrationsController#create as */*
  Parameters: {"user"=>{"email"=>"jana@email.com", "password"=>"[FILTERED]"}, "registration"=>{"user"=>{"email"=>"jana@email.com", "password"=>"[FILTERED]"}}}
MONGODB | Topology type 'unknown' initializing.
MONGODB | Server localhost:27017 initializing.
MONGODB | Topology type 'unknown' changed to type 'single'.
MONGODB | Server description for localhost:27017 changed from 'unknown' to 'standalone'.
MONGODB | There was a change in the members of the 'single' topology.
MONGODB | localhost:27017 | budget_api_development.find | STARTED | {"find"=>"users", "filter"=>{"email"=>"jana@email.com"}, "projection"=>{"_id"=>1}, "limit"=>1}
MONGODB | localhost:27017 | budget_api_development.find | SUCCEEDED | 0.017674017s
MONGODB | localhost:27017 | budget_api_development.insert | STARTED | {"insert"=>"users", "documents"=>[{"_id"=>BSON::ObjectId('5a43d3f41d41c889b2c487e6'), "first_name"=>"", "last_name"=>"", "email"=>"jana@email.com", "password_digest"=>"$2a$10$Pfg2HweDPTKLkI/oKULvW./EJPAhx8olYM9I2xteub5mMoMuXQ1.2"}], "ordered"=>true}
MONGODB | localhost:27017 | budget_api_development.insert | SUCCEEDED | 0.045708567000000005s
Completed 201 Created in 135ms (Views: 0.7ms)


Started POST "/registration" for ::1 at 2017-12-27 12:21:36 -0500
Processing by RailsJwtAuth::RegistrationsController#create as */*
  Parameters: {"user"=>{"email"=>"jana@email.com", "password"=>"[FILTERED]"}, "registration"=>{"user"=>{"email"=>"jana@email.com", "password"=>"[FILTERED]"}}}
Overwriting existing field email in class User.
MONGODB | localhost:27017 | budget_api_development.find | STARTED | {"find"=>"users", "filter"=>{"email"=>"jana@email.com"}, "projection"=>{"_id"=>1}, "limit"=>1}
MONGODB | localhost:27017 | budget_api_development.find | SUCCEEDED | 0.001113808s
MONGODB | localhost:27017 | budget_api_development.insert | STARTED | {"insert"=>"users", "documents"=>[{"_id"=>BSON::ObjectId('5a43d6a01d41c889b2c487e7'), "first_name"=>"", "last_name"=>"", "email"=>"jana@email.com", "password_digest"=>"$2a$10$p5FpgelHISYSn.qqd4avTOAGTxpoTvg8QH.XRbw7GEWGARwk/cwqa"}], "ordered"=>true}
MONGODB | localhost:27017 | budget_api_development.insert | SUCCEEDED | 0.017085333s
MONGODB | localhost:27017 | budget_api_development.find | STARTED | {"find"=>"users", "filter"=>{"email"=>"jana@email.com", "_id"=>{"$ne"=>BSON::ObjectId('5a43d6a01d41c889b2c487e7')}}, "projection"=>{"_id"=>1}, "limit"=>1}
MONGODB | localhost:27017 | budget_api_development.find | SUCCEEDED | 0.004808768999999999s
MONGODB | localhost:27017 | budget_api_development.update | STARTED | {"update"=>"users", "updates"=>[{"q"=>{"_id"=>BSON::ObjectId('5a43d6a01d41c889b2c487e7')}, "u"=>{"$set"=>{"first_name"=>"", "last_name"=>"", "email"=>"jana@email.com", "password_digest"=>"$2a$10$p5FpgelHISYSn.qqd4avTOAGTxpoTvg8QH.XRbw7GEWGARwk/cwqa", ...
MONGODB | localhost:27017 | budget_api_development.update | SUCCEEDED | 0.017237854s
RailsJwtAuth::Mailer#confirmation_instructions: processed outbound mail in 0.2ms
Completed 500 Internal Server Error in 232ms


  
ArgumentError (Missing host to link to! Please provide the :host parameter, set default_url_options[:host], or set :only_path to true):
  
actionpack (5.1.4) lib/action_dispatch/http/url.rb:62:in `full_url_for'
actionpack (5.1.4) lib/action_dispatch/http/url.rb:52:in `url_for'
actionpack (5.1.4) lib/action_dispatch/routing/route_set.rb:333:in `block in <class:RouteSet>'
actionpack (5.1.4) lib/action_dispatch/routing/route_set.rb:828:in `url_for'
actionpack (5.1.4) lib/action_dispatch/routing/route_set.rb:267:in `call'
actionpack (5.1.4) lib/action_dispatch/routing/route_set.rb:208:in `call'
actionpack (5.1.4) lib/action_dispatch/routing/route_set.rb:325:in `block (2 levels) in define_url_helper'
rails_jwt_auth (0.18.1) app/mailers/rails_jwt_auth/mailer.rb:15:in `confirmation_instructions'
actionpack (5.1.4) lib/abstract_controller/base.rb:186:in `process_action'
actionpack (5.1.4) lib/abstract_controller/callbacks.rb:20:in `block in process_action'
activesupport (5.1.4) lib/active_support/callbacks.rb:97:in `run_callbacks'
actionpack (5.1.4) lib/abstract_controller/callbacks.rb:19:in `process_action'
actionpack (5.1.4) lib/abstract_controller/base.rb:124:in `process'
actionmailer (5.1.4) lib/action_mailer/rescuable.rb:23:in `block in process'
actionmailer (5.1.4) lib/action_mailer/rescuable.rb:15:in `handle_exceptions'
actionmailer (5.1.4) lib/action_mailer/rescuable.rb:22:in `process'
actionview (5.1.4) lib/action_view/rendering.rb:30:in `process'
actionmailer (5.1.4) lib/action_mailer/base.rb:609:in `block in process'
activesupport (5.1.4) lib/active_support/notifications.rb:166:in `block in instrument'
activesupport (5.1.4) lib/active_support/notifications/instrumenter.rb:21:in `instrument'
activesupport (5.1.4) lib/active_support/notifications.rb:166:in `instrument'
actionmailer (5.1.4) lib/action_mailer/base.rb:608:in `process'
actionmailer (5.1.4) lib/action_mailer/message_delivery.rb:105:in `block in processed_mailer'
actionmailer (5.1.4) lib/action_mailer/message_delivery.rb:104:in `tap'
actionmailer (5.1.4) lib/action_mailer/message_delivery.rb:104:in `processed_mailer'
actionmailer (5.1.4) lib/action_mailer/message_delivery.rb:27:in `__getobj__'
/home/rajakumaj/.rbenv/versions/2.4.1/lib/ruby/2.4.0/delegate.rb:80:in `method_missing'
rails_jwt_auth (0.18.1) app/models/concerns/rails_jwt_auth/confirmable.rb:14:in `send_confirmation_instructions'
rails_jwt_auth (0.18.1) app/models/concerns/rails_jwt_auth/confirmable.rb:58:in `block (2 levels) in included'
activesupport (5.1.4) lib/active_support/callbacks.rb:413:in `instance_exec'
activesupport (5.1.4) lib/active_support/callbacks.rb:413:in `block in make_lambda'
activesupport (5.1.4) lib/active_support/callbacks.rb:235:in `block in halting_and_conditional'
activesupport (5.1.4) lib/active_support/callbacks.rb:511:in `block in invoke_after'
activesupport (5.1.4) lib/active_support/callbacks.rb:511:in `each'
activesupport (5.1.4) lib/active_support/callbacks.rb:511:in `invoke_after'
activesupport (5.1.4) lib/active_support/callbacks.rb:132:in `run_callbacks'
mongoid (6.2.1) lib/mongoid/interceptable.rb:132:in `run_callbacks'
mongoid (6.2.1) lib/mongoid/persistable/creatable.rb:117:in `block in prepare_insert'
activesupport (5.1.4) lib/active_support/callbacks.rb:97:in `run_callbacks'
mongoid (6.2.1) lib/mongoid/interceptable.rb:132:in `run_callbacks'
mongoid (6.2.1) lib/mongoid/persistable/creatable.rb:116:in `prepare_insert'
mongoid (6.2.1) lib/mongoid/persistable/creatable.rb:23:in `insert'
mongoid (6.2.1) lib/mongoid/persistable/savable.rb:23:in `save'
rails_jwt_auth (0.18.1) app/controllers/rails_jwt_auth/registrations_controller.rb:8:in `create'
actionpack (5.1.4) lib/action_controller/metal/basic_implicit_render.rb:4:in `send_action'
actionpack (5.1.4) lib/abstract_controller/base.rb:186:in `process_action'
actionpack (5.1.4) lib/action_controller/metal/rendering.rb:30:in `process_action'
actionpack (5.1.4) lib/abstract_controller/callbacks.rb:20:in `block in process_action'
activesupport (5.1.4) lib/active_support/callbacks.rb:97:in `run_callbacks'
actionpack (5.1.4) lib/abstract_controller/callbacks.rb:19:in `process_action'
actionpack (5.1.4) lib/action_controller/metal/rescue.rb:20:in `process_action'
actionpack (5.1.4) lib/action_controller/metal/instrumentation.rb:32:in `block in process_action'
activesupport (5.1.4) lib/active_support/notifications.rb:166:in `block in instrument'
activesupport (5.1.4) lib/active_support/notifications/instrumenter.rb:21:in `instrument'
activesupport (5.1.4) lib/active_support/notifications.rb:166:in `instrument'
actionpack (5.1.4) lib/action_controller/metal/instrumentation.rb:30:in `process_action'
actionpack (5.1.4) lib/action_controller/metal/params_wrapper.rb:252:in `process_action'
actionpack (5.1.4) lib/abstract_controller/base.rb:124:in `process'
actionview (5.1.4) lib/action_view/rendering.rb:30:in `process'
actionpack (5.1.4) lib/action_controller/metal.rb:189:in `dispatch'
actionpack (5.1.4) lib/action_controller/metal.rb:253:in `dispatch'
actionpack (5.1.4) lib/action_dispatch/routing/route_set.rb:49:in `dispatch'
actionpack (5.1.4) lib/action_dispatch/routing/route_set.rb:31:in `serve'
actionpack (5.1.4) lib/action_dispatch/journey/router.rb:50:in `block in serve'
actionpack (5.1.4) lib/action_dispatch/journey/router.rb:33:in `each'
actionpack (5.1.4) lib/action_dispatch/journey/router.rb:33:in `serve'
actionpack (5.1.4) lib/action_dispatch/routing/route_set.rb:834:in `call'
rack (2.0.3) lib/rack/etag.rb:25:in `call'
rack (2.0.3) lib/rack/conditional_get.rb:38:in `call'
rack (2.0.3) lib/rack/head.rb:12:in `call'
warden (1.2.7) lib/warden/manager.rb:36:in `block in call'
warden (1.2.7) lib/warden/manager.rb:35:in `catch'
warden (1.2.7) lib/warden/manager.rb:35:in `call'
actionpack (5.1.4) lib/action_dispatch/middleware/callbacks.rb:26:in `block in call'
activesupport (5.1.4) lib/active_support/callbacks.rb:97:in `run_callbacks'
actionpack (5.1.4) lib/action_dispatch/middleware/callbacks.rb:24:in `call'
actionpack (5.1.4) lib/action_dispatch/middleware/executor.rb:12:in `call'
actionpack (5.1.4) lib/action_dispatch/middleware/debug_exceptions.rb:59:in `call'
actionpack (5.1.4) lib/action_dispatch/middleware/show_exceptions.rb:31:in `call'
railties (5.1.4) lib/rails/rack/logger.rb:36:in `call_app'
railties (5.1.4) lib/rails/rack/logger.rb:24:in `block in call'
activesupport (5.1.4) lib/active_support/tagged_logging.rb:69:in `block in tagged'
activesupport (5.1.4) lib/active_support/tagged_logging.rb:26:in `tagged'
activesupport (5.1.4) lib/active_support/tagged_logging.rb:69:in `tagged'
railties (5.1.4) lib/rails/rack/logger.rb:24:in `call'
actionpack (5.1.4) lib/action_dispatch/middleware/remote_ip.rb:79:in `call'
actionpack (5.1.4) lib/action_dispatch/middleware/request_id.rb:25:in `call'
rack (2.0.3) lib/rack/runtime.rb:22:in `call'
activesupport (5.1.4) lib/active_support/cache/strategy/local_cache_middleware.rb:27:in `call'
actionpack (5.1.4) lib/action_dispatch/middleware/executor.rb:12:in `call'
actionpack (5.1.4) lib/action_dispatch/middleware/static.rb:125:in `call'
rack (2.0.3) lib/rack/sendfile.rb:111:in `call'
railties (5.1.4) lib/rails/engine.rb:522:in `call'
puma (3.11.0) lib/puma/configuration.rb:225:in `call'
puma (3.11.0) lib/puma/server.rb:624:in `handle_request'
puma (3.11.0) lib/puma/server.rb:438:in `process_client'
puma (3.11.0) lib/puma/server.rb:302:in `block in run'
puma (3.11.0) lib/puma/thread_pool.rb:120:in `block in spawn_thread'
Started POST "/registration" for ::1 at 2017-12-27 12:33:25 -0500
Processing by RailsJwtAuth::RegistrationsController#create as */*
  Parameters: {"user"=>{"email"=>"jana@email.com", "password"=>"[FILTERED]"}, "registration"=>{"user"=>{"email"=>"jana@email.com", "password"=>"[FILTERED]"}}}
MONGODB | localhost:27017 | budget_api_development.find | STARTED | {"find"=>"users", "filter"=>{"email"=>"jana@email.com"}, "projection"=>{"_id"=>1}, "limit"=>1}
MONGODB | localhost:27017 | budget_api_development.find | SUCCEEDED | 0.00035209s
MONGODB | localhost:27017 | budget_api_development.insert | STARTED | {"insert"=>"users", "documents"=>[{"_id"=>BSON::ObjectId('5a43d9651d41c889b2c487e8'), "first_name"=>"", "last_name"=>"", "email"=>"jana@email.com", "password_digest"=>"$2a$10$eMlCPLqAzTqv4K2BPuwtiOyMvn11i6jugJF5ezHgUPbZYbBAxga8q"}], "ordered"=>true}
MONGODB | localhost:27017 | budget_api_development.insert | SUCCEEDED | 0.020758099999999998s
MONGODB | localhost:27017 | budget_api_development.find | STARTED | {"find"=>"users", "filter"=>{"email"=>"jana@email.com", "_id"=>{"$ne"=>BSON::ObjectId('5a43d9651d41c889b2c487e8')}}, "projection"=>{"_id"=>1}, "limit"=>1}
MONGODB | localhost:27017 | budget_api_development.find | SUCCEEDED | 0.0025007890000000002s
MONGODB | localhost:27017 | budget_api_development.update | STARTED | {"update"=>"users", "updates"=>[{"q"=>{"_id"=>BSON::ObjectId('5a43d9651d41c889b2c487e8')}, "u"=>{"$set"=>{"first_name"=>"", "last_name"=>"", "email"=>"jana@email.com", "password_digest"=>"$2a$10$eMlCPLqAzTqv4K2BPuwtiOyMvn11i6jugJF5ezHgUPbZYbBAxga8q", ...
MONGODB | localhost:27017 | budget_api_development.update | SUCCEEDED | 0.001946685s
RailsJwtAuth::Mailer#confirmation_instructions: processed outbound mail in 0.2ms
Completed 500 Internal Server Error in 83ms


  
ArgumentError (Missing host to link to! Please provide the :host parameter, set default_url_options[:host], or set :only_path to true):
  
actionpack (5.1.4) lib/action_dispatch/http/url.rb:62:in `full_url_for'
actionpack (5.1.4) lib/action_dispatch/http/url.rb:52:in `url_for'
actionpack (5.1.4) lib/action_dispatch/routing/route_set.rb:333:in `block in <class:RouteSet>'
actionpack (5.1.4) lib/action_dispatch/routing/route_set.rb:828:in `url_for'
actionpack (5.1.4) lib/action_dispatch/routing/route_set.rb:267:in `call'
actionpack (5.1.4) lib/action_dispatch/routing/route_set.rb:208:in `call'
actionpack (5.1.4) lib/action_dispatch/routing/route_set.rb:325:in `block (2 levels) in define_url_helper'
rails_jwt_auth (0.18.1) app/mailers/rails_jwt_auth/mailer.rb:15:in `confirmation_instructions'
actionpack (5.1.4) lib/abstract_controller/base.rb:186:in `process_action'
actionpack (5.1.4) lib/abstract_controller/callbacks.rb:20:in `block in process_action'
activesupport (5.1.4) lib/active_support/callbacks.rb:97:in `run_callbacks'
actionpack (5.1.4) lib/abstract_controller/callbacks.rb:19:in `process_action'
actionpack (5.1.4) lib/abstract_controller/base.rb:124:in `process'
actionmailer (5.1.4) lib/action_mailer/rescuable.rb:23:in `block in process'
actionmailer (5.1.4) lib/action_mailer/rescuable.rb:15:in `handle_exceptions'
actionmailer (5.1.4) lib/action_mailer/rescuable.rb:22:in `process'
actionview (5.1.4) lib/action_view/rendering.rb:30:in `process'
actionmailer (5.1.4) lib/action_mailer/base.rb:609:in `block in process'
activesupport (5.1.4) lib/active_support/notifications.rb:166:in `block in instrument'
activesupport (5.1.4) lib/active_support/notifications/instrumenter.rb:21:in `instrument'
activesupport (5.1.4) lib/active_support/notifications.rb:166:in `instrument'
actionmailer (5.1.4) lib/action_mailer/base.rb:608:in `process'
actionmailer (5.1.4) lib/action_mailer/message_delivery.rb:105:in `block in processed_mailer'
actionmailer (5.1.4) lib/action_mailer/message_delivery.rb:104:in `tap'
actionmailer (5.1.4) lib/action_mailer/message_delivery.rb:104:in `processed_mailer'
actionmailer (5.1.4) lib/action_mailer/message_delivery.rb:27:in `__getobj__'
/home/rajakumaj/.rbenv/versions/2.4.1/lib/ruby/2.4.0/delegate.rb:80:in `method_missing'
rails_jwt_auth (0.18.1) app/models/concerns/rails_jwt_auth/confirmable.rb:14:in `send_confirmation_instructions'
rails_jwt_auth (0.18.1) app/models/concerns/rails_jwt_auth/confirmable.rb:58:in `block (2 levels) in included'
activesupport (5.1.4) lib/active_support/callbacks.rb:413:in `instance_exec'
activesupport (5.1.4) lib/active_support/callbacks.rb:413:in `block in make_lambda'
activesupport (5.1.4) lib/active_support/callbacks.rb:235:in `block in halting_and_conditional'
activesupport (5.1.4) lib/active_support/callbacks.rb:511:in `block in invoke_after'
activesupport (5.1.4) lib/active_support/callbacks.rb:511:in `each'
activesupport (5.1.4) lib/active_support/callbacks.rb:511:in `invoke_after'
activesupport (5.1.4) lib/active_support/callbacks.rb:132:in `run_callbacks'
mongoid (6.2.1) lib/mongoid/interceptable.rb:132:in `run_callbacks'
mongoid (6.2.1) lib/mongoid/persistable/creatable.rb:117:in `block in prepare_insert'
activesupport (5.1.4) lib/active_support/callbacks.rb:97:in `run_callbacks'
mongoid (6.2.1) lib/mongoid/interceptable.rb:132:in `run_callbacks'
mongoid (6.2.1) lib/mongoid/persistable/creatable.rb:116:in `prepare_insert'
mongoid (6.2.1) lib/mongoid/persistable/creatable.rb:23:in `insert'
mongoid (6.2.1) lib/mongoid/persistable/savable.rb:23:in `save'
rails_jwt_auth (0.18.1) app/controllers/rails_jwt_auth/registrations_controller.rb:8:in `create'
actionpack (5.1.4) lib/action_controller/metal/basic_implicit_render.rb:4:in `send_action'
actionpack (5.1.4) lib/abstract_controller/base.rb:186:in `process_action'
actionpack (5.1.4) lib/action_controller/metal/rendering.rb:30:in `process_action'
actionpack (5.1.4) lib/abstract_controller/callbacks.rb:20:in `block in process_action'
activesupport (5.1.4) lib/active_support/callbacks.rb:97:in `run_callbacks'
actionpack (5.1.4) lib/abstract_controller/callbacks.rb:19:in `process_action'
actionpack (5.1.4) lib/action_controller/metal/rescue.rb:20:in `process_action'
actionpack (5.1.4) lib/action_controller/metal/instrumentation.rb:32:in `block in process_action'
activesupport (5.1.4) lib/active_support/notifications.rb:166:in `block in instrument'
activesupport (5.1.4) lib/active_support/notifications/instrumenter.rb:21:in `instrument'
activesupport (5.1.4) lib/active_support/notifications.rb:166:in `instrument'
actionpack (5.1.4) lib/action_controller/metal/instrumentation.rb:30:in `process_action'
actionpack (5.1.4) lib/action_controller/metal/params_wrapper.rb:252:in `process_action'
actionpack (5.1.4) lib/abstract_controller/base.rb:124:in `process'
actionview (5.1.4) lib/action_view/rendering.rb:30:in `process'
actionpack (5.1.4) lib/action_controller/metal.rb:189:in `dispatch'
actionpack (5.1.4) lib/action_controller/metal.rb:253:in `dispatch'
actionpack (5.1.4) lib/action_dispatch/routing/route_set.rb:49:in `dispatch'
actionpack (5.1.4) lib/action_dispatch/routing/route_set.rb:31:in `serve'
actionpack (5.1.4) lib/action_dispatch/journey/router.rb:50:in `block in serve'
actionpack (5.1.4) lib/action_dispatch/journey/router.rb:33:in `each'
actionpack (5.1.4) lib/action_dispatch/journey/router.rb:33:in `serve'
actionpack (5.1.4) lib/action_dispatch/routing/route_set.rb:834:in `call'
rack (2.0.3) lib/rack/etag.rb:25:in `call'
rack (2.0.3) lib/rack/conditional_get.rb:38:in `call'
rack (2.0.3) lib/rack/head.rb:12:in `call'
warden (1.2.7) lib/warden/manager.rb:36:in `block in call'
warden (1.2.7) lib/warden/manager.rb:35:in `catch'
warden (1.2.7) lib/warden/manager.rb:35:in `call'
actionpack (5.1.4) lib/action_dispatch/middleware/callbacks.rb:26:in `block in call'
activesupport (5.1.4) lib/active_support/callbacks.rb:97:in `run_callbacks'
actionpack (5.1.4) lib/action_dispatch/middleware/callbacks.rb:24:in `call'
actionpack (5.1.4) lib/action_dispatch/middleware/executor.rb:12:in `call'
actionpack (5.1.4) lib/action_dispatch/middleware/debug_exceptions.rb:59:in `call'
actionpack (5.1.4) lib/action_dispatch/middleware/show_exceptions.rb:31:in `call'
railties (5.1.4) lib/rails/rack/logger.rb:36:in `call_app'
railties (5.1.4) lib/rails/rack/logger.rb:24:in `block in call'
activesupport (5.1.4) lib/active_support/tagged_logging.rb:69:in `block in tagged'
activesupport (5.1.4) lib/active_support/tagged_logging.rb:26:in `tagged'
activesupport (5.1.4) lib/active_support/tagged_logging.rb:69:in `tagged'
railties (5.1.4) lib/rails/rack/logger.rb:24:in `call'
actionpack (5.1.4) lib/action_dispatch/middleware/remote_ip.rb:79:in `call'
actionpack (5.1.4) lib/action_dispatch/middleware/request_id.rb:25:in `call'
rack (2.0.3) lib/rack/runtime.rb:22:in `call'
activesupport (5.1.4) lib/active_support/cache/strategy/local_cache_middleware.rb:27:in `call'
actionpack (5.1.4) lib/action_dispatch/middleware/executor.rb:12:in `call'
actionpack (5.1.4) lib/action_dispatch/middleware/static.rb:125:in `call'
rack (2.0.3) lib/rack/sendfile.rb:111:in `call'
railties (5.1.4) lib/rails/engine.rb:522:in `call'
puma (3.11.0) lib/puma/configuration.rb:225:in `call'
puma (3.11.0) lib/puma/server.rb:624:in `handle_request'
puma (3.11.0) lib/puma/server.rb:438:in `process_client'
puma (3.11.0) lib/puma/server.rb:302:in `block in run'
puma (3.11.0) lib/puma/thread_pool.rb:120:in `block in spawn_thread'
Started POST "/registration" for ::1 at 2017-12-27 12:41:40 -0500
Processing by RailsJwtAuth::RegistrationsController#create as */*
  Parameters: {"user"=>{"email"=>"jana@email.com", "password"=>"[FILTERED]"}, "registration"=>{"user"=>{"email"=>"jana@email.com", "password"=>"[FILTERED]"}}}
Overwriting existing field email in class User.
MONGODB | Topology type 'unknown' initializing.
MONGODB | Server localhost:27017 initializing.
MONGODB | Topology type 'unknown' changed to type 'single'.
MONGODB | Server description for localhost:27017 changed from 'unknown' to 'standalone'.
MONGODB | There was a change in the members of the 'single' topology.
MONGODB | localhost:27017 | budget_api_development.find | STARTED | {"find"=>"users", "filter"=>{"email"=>"jana@email.com"}, "projection"=>{"_id"=>1}, "limit"=>1}
MONGODB | localhost:27017 | budget_api_development.find | SUCCEEDED | 0.0006186340000000001s
MONGODB | localhost:27017 | budget_api_development.insert | STARTED | {"insert"=>"users", "documents"=>[{"_id"=>BSON::ObjectId('5a43db541d41c89b6b05795a'), "first_name"=>"", "last_name"=>"", "email"=>"jana@email.com", "password_digest"=>"$2a$10$.1WgyIVJi0NAKBFPD3J7ke.U9z5XFRuruoxuIc60Lddi54UJO9GKi"}], "ordered"=>true}
MONGODB | localhost:27017 | budget_api_development.insert | SUCCEEDED | 0.019616925s
MONGODB | localhost:27017 | budget_api_development.find | STARTED | {"find"=>"users", "filter"=>{"email"=>"jana@email.com", "_id"=>{"$ne"=>BSON::ObjectId('5a43db541d41c89b6b05795a')}}, "projection"=>{"_id"=>1}, "limit"=>1}
MONGODB | localhost:27017 | budget_api_development.find | SUCCEEDED | 0.00035353399999999997s
MONGODB | localhost:27017 | budget_api_development.update | STARTED | {"update"=>"users", "updates"=>[{"q"=>{"_id"=>BSON::ObjectId('5a43db541d41c89b6b05795a')}, "u"=>{"$set"=>{"first_name"=>"", "last_name"=>"", "email"=>"jana@email.com", "password_digest"=>"$2a$10$.1WgyIVJi0NAKBFPD3J7ke.U9z5XFRuruoxuIc60Lddi54UJO9GKi", ...
MONGODB | localhost:27017 | budget_api_development.update | SUCCEEDED | 0.000298044s
  Rendering /home/rajakumaj/.rbenv/versions/2.4.1/lib/ruby/gems/2.4.0/gems/rails_jwt_auth-0.18.1/app/views/rails_jwt_auth/mailer/confirmation_instructions.html.erb within layouts/mailer
  Rendered /home/rajakumaj/.rbenv/versions/2.4.1/lib/ruby/gems/2.4.0/gems/rails_jwt_auth-0.18.1/app/views/rails_jwt_auth/mailer/confirmation_instructions.html.erb within layouts/mailer (1.1ms)
RailsJwtAuth::Mailer#confirmation_instructions: processed outbound mail in 121.9ms
Sent mail to jana@email.com (143.9ms)
Date: Wed, 27 Dec 2017 12:41:40 -0500
From: budget@jana19.org
To: jana@email.com
Message-ID: <5a43db54eaa6a_9b6b2b25975da40c545b8@ubuntu.mail>
Subject: Confirmation instructions
Mime-Version: 1.0
Content-Type: text/html;
 charset=UTF-8
Content-Transfer-Encoding: 7bit

<!DOCTYPE html>
<html>
  <head>
    <meta http-equiv="Content-Type" content="text/html; charset=utf-8" />
    <style>
      /* Email styles need to be inline */
    </style>
  </head>

  <body>
    <p>Welcome jana@email.com!</p>

<p>You can confirm your account email through the link below:</p>

<p><a href="http://localhost:3000/confirmation?confirmation_token=YuMkRgXCpcc6i3AFJ7hQGyvX">Confirm my account</a></p>

  </body>
</html>

Completed 201 Created in 487ms (Views: 0.7ms)


